<?xml version="1.0" encoding="UTF-8" ?>
<testsuite tests="9" failures="2" name="runners.SmokeTest" time="0.164" errors="2" skipped="4">
  <properties>
[...]
</properties>
  <testcase classname="Scenario: Page to perform directions could be opened" name="Given User navigates to &quot;https://wego.here.com&quot;" time="0.003"/>
  <testcase classname="Scenario: Page to perform directions could be opened" name="When User presses &quot;Sign In&quot; button having xpath &quot;/html/body/div[1]/div[3]/div/div[1]/section/div/button[1]&quot;" time="0.018">
    <failure message="Element should be visible {By.xpath: /html/body/div[1]/div[3]/div/div[1]/section/div/button[1]}
Element: &apos;&lt;button class=&quot;sign_in_out sign_in_button&quot; data-here-svg=&quot;{path: svgIcons.menu_signin}&quot; data-ng-click=&quot;logIn()&quot; data-ng-if=&quot;!login.isLoggedIn&quot; type=&quot;submit&quot; displayed:false&gt;&lt;/button&gt;&apos;" type="Element should be visible {By.xpath">Element should be visible {By.xpath: /html/body/div[1]/div[3]/div/div[1]/section/div/button[1]}
Element: &apos;&lt;button class=&quot;sign_in_out sign_in_button&quot; data-here-svg=&quot;{path: svgIcons.menu_signin}&quot; data-ng-click=&quot;logIn()&quot; data-ng-if=&quot;!login.isLoggedIn&quot; type=&quot;submit&quot; displayed:false&gt;&lt;/button&gt;&apos;
Screenshot: file:/D:/Projects/FOBShome/build/reports/tests/1488326184865.0.png
Timeout: 10 s.
	at com.codeborne.selenide.impl.WebElementSource.checkCondition(WebElementSource.java:66)
	at com.codeborne.selenide.impl.WebElementSource.findAndAssertElementIsVisible(WebElementSource.java:72)
	at com.codeborne.selenide.commands.Click.execute(Click.java:14)
	at com.codeborne.selenide.commands.Click.execute(Click.java:11)
	at com.codeborne.selenide.commands.Commands.execute(Commands.java:140)
	at com.codeborne.selenide.impl.SelenideElementProxy.dispatchAndRetry(SelenideElementProxy.java:86)
	at com.codeborne.selenide.impl.SelenideElementProxy.invoke(SelenideElementProxy.java:62)
	at com.sun.proxy.$Proxy15.click(Unknown Source)
	at steps.MyStepdefs.userPressesButtonHavingXpath(MyStepdefs.java:48)
	at ✽.When User presses &quot;Sign In&quot; button having xpath &quot;/html/body/div[1]/div[3]/div/div[1]/section/div/button[1]&quot;(locationCollect.feature:6)
</failure>
  </testcase>
  <testcase classname="Scenario: Page to perform directions could be opened" name="Scenario: Page to perform directions could be opened" time="0.028">
    <failure message="Element should be visible {By.xpath: /html/body/div[1]/div[3]/div/div[1]/section/div/button[1]}
Element: &apos;&lt;button class=&quot;sign_in_out sign_in_button&quot; data-here-svg=&quot;{path: svgIcons.menu_signin}&quot; data-ng-click=&quot;logIn()&quot; data-ng-if=&quot;!login.isLoggedIn&quot; type=&quot;submit&quot; displayed:false&gt;&lt;/button&gt;&apos;" type="Element should be visible {By.xpath">Element should be visible {By.xpath: /html/body/div[1]/div[3]/div/div[1]/section/div/button[1]}
Element: &apos;&lt;button class=&quot;sign_in_out sign_in_button&quot; data-here-svg=&quot;{path: svgIcons.menu_signin}&quot; data-ng-click=&quot;logIn()&quot; data-ng-if=&quot;!login.isLoggedIn&quot; type=&quot;submit&quot; displayed:false&gt;&lt;/button&gt;&apos;
Screenshot: file:/D:/Projects/FOBShome/build/reports/tests/1488326184865.0.png
Timeout: 10 s.
	at com.codeborne.selenide.impl.WebElementSource.checkCondition(WebElementSource.java:66)
	at com.codeborne.selenide.impl.WebElementSource.findAndAssertElementIsVisible(WebElementSource.java:72)
	at com.codeborne.selenide.commands.Click.execute(Click.java:14)
	at com.codeborne.selenide.commands.Click.execute(Click.java:11)
	at com.codeborne.selenide.commands.Commands.execute(Commands.java:140)
	at com.codeborne.selenide.impl.SelenideElementProxy.dispatchAndRetry(SelenideElementProxy.java:86)
	at com.codeborne.selenide.impl.SelenideElementProxy.invoke(SelenideElementProxy.java:62)
	at com.sun.proxy.$Proxy15.click(Unknown Source)
	at steps.MyStepdefs.userPressesButtonHavingXpath(MyStepdefs.java:48)
	at ✽.When User presses &quot;Sign In&quot; button having xpath &quot;/html/body/div[1]/div[3]/div/div[1]/section/div/button[1]&quot;(locationCollect.feature:6)
</failure>
  </testcase>
  <testcase classname="Scenario: Page to perform directions could be opened" name="And User enters following credentials in frame &quot;here-account-sdk&quot;:" time="0.028">
    <skipped/>
  </testcase>
  <testcase classname="Scenario: Page to perform directions could be opened" name="And User presses &quot;Sign In&quot; button having xpath &quot;//*[@id=&apos;sign-in-form&apos;]/div[2]/div[6]/form/fieldset[3]/button&quot;" time="0.028">
    <skipped/>
  </testcase>
  <testcase classname="Scenario: Page to perform directions could be opened" name="Then Page with URL &quot;https://wego.here.com&quot; opens" time="0.028">
    <skipped/>
  </testcase>
  <testcase classname="Scenario: Page to perform directions could be opened" name="And Page contains user account details &quot;here-wego test&quot;" time="0.028">
    <skipped/>
  </testcase>
  <testcase classname="Scenario: " name="Given User is logged in to &quot;https://wego.here.com&quot; in frame &quot;here-account-sdk&quot; using xpath buttons &quot;//*[@id=&apos;sign-in-form&apos;]/div[2]/div[6]/form/fieldset[3]/button&quot;:" time="0.001">
    <error message="Arity mismatch: Step Definition &apos;steps.MyStepdefs.userIsLoggedInToInFrameUsingXpathButtons(String,String,String) in file:/D:/Projects/FOBShome/target/test-classes/&apos; with pattern [^User is logged in to &quot;([^&quot;]*)&quot; in frame &quot;([^&quot;]*)&quot; using xpath buttons &quot;([^&quot;]*)&quot;:$] is declared with 3 parameters. However, the gherkin step has 4 arguments [https://wego.here.com, here-account-sdk, //*[@id=&apos;sign-in-form&apos;]/div[2]/div[6]/form/fieldset[3]/button, Table:[[sign-in-email, sign-in-password-encrypted], [herewego@gafy.net, qwe123]]]. 
Step: Given User is logged in to &quot;https://wego.here.com&quot; in frame &quot;here-account-sdk&quot; using xpath buttons &quot;//*[@id=&apos;sign-in-form&apos;]/div[2]/div[6]/form/fieldset[3]/button&quot;:" type="cucumber.runtime.CucumberException">cucumber.runtime.CucumberException: Arity mismatch: Step Definition &apos;steps.MyStepdefs.userIsLoggedInToInFrameUsingXpathButtons(String,String,String) in file:/D:/Projects/FOBShome/target/test-classes/&apos; with pattern [^User is logged in to &quot;([^&quot;]*)&quot; in frame &quot;([^&quot;]*)&quot; using xpath buttons &quot;([^&quot;]*)&quot;:$] is declared with 3 parameters. However, the gherkin step has 4 arguments [https://wego.here.com, here-account-sdk, //*[@id=&apos;sign-in-form&apos;]/div[2]/div[6]/form/fieldset[3]/button, Table:[[sign-in-email, sign-in-password-encrypted], [herewego@gafy.net, qwe123]]]. 
Step: Given User is logged in to &quot;https://wego.here.com&quot; in frame &quot;here-account-sdk&quot; using xpath buttons &quot;//*[@id=&apos;sign-in-form&apos;]/div[2]/div[6]/form/fieldset[3]/button&quot;:
	at cucumber.runtime.StepDefinitionMatch.arityMismatch(StepDefinitionMatch.java:102)
	at cucumber.runtime.StepDefinitionMatch.transformedArgs(StepDefinitionMatch.java:60)
	at cucumber.runtime.StepDefinitionMatch.runStep(StepDefinitionMatch.java:37)
	at cucumber.runtime.Runtime.runStep(Runtime.java:300)
	at cucumber.runtime.model.StepContainer.runStep(StepContainer.java:44)
	at cucumber.runtime.model.StepContainer.runSteps(StepContainer.java:39)
	at cucumber.runtime.model.CucumberScenario.run(CucumberScenario.java:44)
	at cucumber.runtime.junit.ExecutionUnitRunner.run(ExecutionUnitRunner.java:102)
	at cucumber.runtime.junit.FeatureRunner.runChild(FeatureRunner.java:63)
	at cucumber.runtime.junit.FeatureRunner.runChild(FeatureRunner.java:18)
	at org.junit.runners.ParentRunner$3.run(ParentRunner.java:290)
	at org.junit.runners.ParentRunner$1.schedule(ParentRunner.java:71)
	at org.junit.runners.ParentRunner.runChildren(ParentRunner.java:288)
	at org.junit.runners.ParentRunner.access$000(ParentRunner.java:58)
	at org.junit.runners.ParentRunner$2.evaluate(ParentRunner.java:268)
	at org.junit.runners.ParentRunner.run(ParentRunner.java:363)
	at cucumber.runtime.junit.FeatureRunner.run(FeatureRunner.java:70)
	at cucumber.api.junit.Cucumber.runChild(Cucumber.java:95)
	at cucumber.api.junit.Cucumber.runChild(Cucumber.java:38)
	at org.junit.runners.ParentRunner$3.run(ParentRunner.java:290)
	at org.junit.runners.ParentRunner$1.schedule(ParentRunner.java:71)
	at org.junit.runners.ParentRunner.runChildren(ParentRunner.java:288)
	at org.junit.runners.ParentRunner.access$000(ParentRunner.java:58)
	at org.junit.runners.ParentRunner$2.evaluate(ParentRunner.java:268)
	at org.junit.internal.runners.statements.RunBefores.evaluate(RunBefores.java:26)
	at org.junit.runners.ParentRunner.run(ParentRunner.java:363)
	at cucumber.api.junit.Cucumber.run(Cucumber.java:100)
	at org.apache.maven.surefire.junit4.JUnit4Provider.execute(JUnit4Provider.java:252)
	at org.apache.maven.surefire.junit4.JUnit4Provider.executeTestSet(JUnit4Provider.java:141)
	at org.apache.maven.surefire.junit4.JUnit4Provider.invoke(JUnit4Provider.java:112)
	at sun.reflect.NativeMethodAccessorImpl.invoke0(Native Method)
	at sun.reflect.NativeMethodAccessorImpl.invoke(NativeMethodAccessorImpl.java:62)
	at sun.reflect.DelegatingMethodAccessorImpl.invoke(DelegatingMethodAccessorImpl.java:43)
	at java.lang.reflect.Method.invoke(Method.java:498)
	at org.apache.maven.surefire.util.ReflectionUtils.invokeMethodWithArray(ReflectionUtils.java:189)
	at org.apache.maven.surefire.booter.ProviderFactory$ProviderProxy.invoke(ProviderFactory.java:165)
	at org.apache.maven.surefire.booter.ProviderFactory.invokeProvider(ProviderFactory.java:85)
	at org.apache.maven.surefire.booter.ForkedBooter.runSuitesInProcess(ForkedBooter.java:115)
	at org.apache.maven.surefire.booter.ForkedBooter.main(ForkedBooter.java:75)
</error>
  </testcase>
  <testcase classname="Scenario: " name="Scenario: " time="0.002">
    <error message="Arity mismatch: Step Definition &apos;steps.MyStepdefs.userIsLoggedInToInFrameUsingXpathButtons(String,String,String) in file:/D:/Projects/FOBShome/target/test-classes/&apos; with pattern [^User is logged in to &quot;([^&quot;]*)&quot; in frame &quot;([^&quot;]*)&quot; using xpath buttons &quot;([^&quot;]*)&quot;:$] is declared with 3 parameters. However, the gherkin step has 4 arguments [https://wego.here.com, here-account-sdk, //*[@id=&apos;sign-in-form&apos;]/div[2]/div[6]/form/fieldset[3]/button, Table:[[sign-in-email, sign-in-password-encrypted], [herewego@gafy.net, qwe123]]]. 
Step: Given User is logged in to &quot;https://wego.here.com&quot; in frame &quot;here-account-sdk&quot; using xpath buttons &quot;//*[@id=&apos;sign-in-form&apos;]/div[2]/div[6]/form/fieldset[3]/button&quot;:" type="cucumber.runtime.CucumberException">cucumber.runtime.CucumberException: Arity mismatch: Step Definition &apos;steps.MyStepdefs.userIsLoggedInToInFrameUsingXpathButtons(String,String,String) in file:/D:/Projects/FOBShome/target/test-classes/&apos; with pattern [^User is logged in to &quot;([^&quot;]*)&quot; in frame &quot;([^&quot;]*)&quot; using xpath buttons &quot;([^&quot;]*)&quot;:$] is declared with 3 parameters. However, the gherkin step has 4 arguments [https://wego.here.com, here-account-sdk, //*[@id=&apos;sign-in-form&apos;]/div[2]/div[6]/form/fieldset[3]/button, Table:[[sign-in-email, sign-in-password-encrypted], [herewego@gafy.net, qwe123]]]. 
Step: Given User is logged in to &quot;https://wego.here.com&quot; in frame &quot;here-account-sdk&quot; using xpath buttons &quot;//*[@id=&apos;sign-in-form&apos;]/div[2]/div[6]/form/fieldset[3]/button&quot;:
	at cucumber.runtime.StepDefinitionMatch.arityMismatch(StepDefinitionMatch.java:102)
	at cucumber.runtime.StepDefinitionMatch.transformedArgs(StepDefinitionMatch.java:60)
	at cucumber.runtime.StepDefinitionMatch.runStep(StepDefinitionMatch.java:37)
	at cucumber.runtime.Runtime.runStep(Runtime.java:300)
	at cucumber.runtime.model.StepContainer.runStep(StepContainer.java:44)
	at cucumber.runtime.model.StepContainer.runSteps(StepContainer.java:39)
	at cucumber.runtime.model.CucumberScenario.run(CucumberScenario.java:44)
	at cucumber.runtime.junit.ExecutionUnitRunner.run(ExecutionUnitRunner.java:102)
	at cucumber.runtime.junit.FeatureRunner.runChild(FeatureRunner.java:63)
	at cucumber.runtime.junit.FeatureRunner.runChild(FeatureRunner.java:18)
	at org.junit.runners.ParentRunner$3.run(ParentRunner.java:290)
	at org.junit.runners.ParentRunner$1.schedule(ParentRunner.java:71)
	at org.junit.runners.ParentRunner.runChildren(ParentRunner.java:288)
	at org.junit.runners.ParentRunner.access$000(ParentRunner.java:58)
	at org.junit.runners.ParentRunner$2.evaluate(ParentRunner.java:268)
	at org.junit.runners.ParentRunner.run(ParentRunner.java:363)
	at cucumber.runtime.junit.FeatureRunner.run(FeatureRunner.java:70)
	at cucumber.api.junit.Cucumber.runChild(Cucumber.java:95)
	at cucumber.api.junit.Cucumber.runChild(Cucumber.java:38)
	at org.junit.runners.ParentRunner$3.run(ParentRunner.java:290)
	at org.junit.runners.ParentRunner$1.schedule(ParentRunner.java:71)
	at org.junit.runners.ParentRunner.runChildren(ParentRunner.java:288)
	at org.junit.runners.ParentRunner.access$000(ParentRunner.java:58)
	at org.junit.runners.ParentRunner$2.evaluate(ParentRunner.java:268)
	at org.junit.internal.runners.statements.RunBefores.evaluate(RunBefores.java:26)
	at org.junit.runners.ParentRunner.run(ParentRunner.java:363)
	at cucumber.api.junit.Cucumber.run(Cucumber.java:100)
	at org.apache.maven.surefire.junit4.JUnit4Provider.execute(JUnit4Provider.java:252)
	at org.apache.maven.surefire.junit4.JUnit4Provider.executeTestSet(JUnit4Provider.java:141)
	at org.apache.maven.surefire.junit4.JUnit4Provider.invoke(JUnit4Provider.java:112)
	at sun.reflect.NativeMethodAccessorImpl.invoke0(Native Method)
	at sun.reflect.NativeMethodAccessorImpl.invoke(NativeMethodAccessorImpl.java:62)
	at sun.reflect.DelegatingMethodAccessorImpl.invoke(DelegatingMethodAccessorImpl.java:43)
	at java.lang.reflect.Method.invoke(Method.java:498)
	at org.apache.maven.surefire.util.ReflectionUtils.invokeMethodWithArray(ReflectionUtils.java:189)
	at org.apache.maven.surefire.booter.ProviderFactory$ProviderProxy.invoke(ProviderFactory.java:165)
	at org.apache.maven.surefire.booter.ProviderFactory.invokeProvider(ProviderFactory.java:85)
	at org.apache.maven.surefire.booter.ForkedBooter.runSuitesInProcess(ForkedBooter.java:115)
	at org.apache.maven.surefire.booter.ForkedBooter.main(ForkedBooter.java:75)
</error>
  </testcase>
</testsuite>