<?xml version="1.0" encoding="UTF-8" ?>
<testsuite tests="22" failures="0" name="runners.SmokeTest" time="0.008" errors="0" skipped="0">
  <properties>
[...]
</properties>
  <testcase classname="Scenario: User could log in to the web page" name="Given User navigates to &quot;https://wego.here.com&quot;" time="0.005"/>
  <testcase classname="Scenario: User could log in to the web page" name="When User presses &quot;Menu&quot; button having css &quot;button.menu_access_btn.icon_btn&quot;" time="0"/>
  <testcase classname="Scenario: User could log in to the web page" name="And User presses &quot;Sign In&quot; button having css &quot;button.sign_in_out.sign_in_button&quot;" time="0"/>
  <testcase classname="Scenario: User could log in to the web page" name="And User enters following credentials in frame &quot;here-account-sdk&quot;:" time="0"/>
  <testcase classname="Scenario: User could log in to the web page" name="Then Page with URL &quot;https://wego.here.com&quot; opens" time="0"/>
  <testcase classname="Scenario: User could log in to the web page" name="And Page contains user account details &quot;here-wego test&quot;" time="0"/>
  <testcase classname="Scenario: User could log in to the web page" name="Scenario: User could log in to the web page" time="0"/>
  <testcase classname="Scenario: Logged in user can add location to collections" name="Given User is logged in to &quot;https://wego.here.com&quot; in frame &quot;here-account-sdk&quot; using buttons:" time="0"/>
  <testcase classname="Scenario: Logged in user can add location to collections" name="Then User enters location &quot;Prague&quot; to the textfield with xpath &quot;//*[@id=&apos;searchbar&apos;]/div/div[1]/input&quot;" time="0"/>
  <testcase classname="Scenario: Logged in user can add location to collections" name="And User presses &quot;Collect&quot; button having xpath &quot;/html/body/div[1]/div[6]/div/div/div[1]/div[3]/div/div[2]/button&quot;" time="0"/>
  <testcase classname="Scenario: Logged in user can add location to collections" name="And User presses button &quot;Start a collection&quot; or &quot;New collection&quot;" time="0"/>
  <testcase classname="Scenario: Logged in user can add location to collections" name="And User enters &quot;My lovely Prague &quot; to the field with id &quot;collection_name&quot;" time="0"/>
  <testcase classname="Scenario: Logged in user can add location to collections" name="Then Page contains collection &quot;My Lovely Prague &quot;" time="0"/>
  <testcase classname="Scenario: Logged in user can add location to collections" name="Scenario: Logged in user can add location to collections" time="0.001"/>
  <testcase classname="Scenario: Previously added collection could be removed" name="Given User is logged in to &quot;https://wego.here.com&quot; in frame &quot;here-account-sdk&quot; using buttons:" time="0.001"/>
  <testcase classname="Scenario: Previously added collection could be removed" name="When User presses &quot;Menu&quot; button having css &quot;button.menu_access_btn.icon_btn&quot;" time="0"/>
  <testcase classname="Scenario: Previously added collection could be removed" name="And User presses &quot;Collections&quot; button having xpath &quot;/html/body/div[1]/div[3]/div/div[2]/div/div[1]/div[3]&quot;" time="0"/>
  <testcase classname="Scenario: Previously added collection could be removed" name="And User presses &quot;Edit&quot; button having xpath &quot;/html/body/div[1]/div[6]/div/div/div[1]/div/div[1]/button&quot;" time="0"/>
  <testcase classname="Scenario: Previously added collection could be removed" name="And User presses &quot;X&quot; button having xpath &quot;/html/body/div[1]/div[6]/div/div/div[2]/div/div/button&quot;" time="0"/>
  <testcase classname="Scenario: Previously added collection could be removed" name="And User presses &quot;Yes&quot; button having css &quot;button.btn_link.confirm&quot;" time="0"/>
  <testcase classname="Scenario: Previously added collection could be removed" name="Then Page contains 1 collection less in &quot;Collections&quot;" time="0"/>
  <testcase classname="Scenario: Previously added collection could be removed" name="Scenario: Previously added collection could be removed" time="0.001"/>
</testsuite>